<?xml version="1.0" encoding="utf-8"?>
<testsuite errors="1" failures="0" name="unittest.suite.TestSuite" tests="1" time="6.303"><testcase classname="rostest.runner.RosTest" name="testbasic_test" time="6.3020"><error type="RLException">cannot add process [web_video_server-3] after process monitor has been shut down
  File "/usr/lib/python2.7/unittest/case.py", line 329, in run
    testMethod()
  File "/opt/ros/melodic/lib/python2.7/dist-packages/rostest/runner.py", line 120, in fn
    succeeded, failed = self.test_parent.launch()
  File "/opt/ros/melodic/lib/python2.7/dist-packages/rostest/rostest_parent.py", line 122, in launch
    return self.runner.launch()
  File "/opt/ros/melodic/lib/python2.7/dist-packages/roslaunch/launch.py", line 663, in launch
    succeeded, failed = self._launch_nodes()
  File "/opt/ros/melodic/lib/python2.7/dist-packages/roslaunch/launch.py", line 370, in _launch_nodes
    proc, success = self.launch_node(node)
  File "/opt/ros/melodic/lib/python2.7/dist-packages/roslaunch/launch.py", line 557, in launch_node
    self.pm.register(process)
  File "/opt/ros/melodic/lib/python2.7/dist-packages/roslaunch/pmon.py", line 354, in register
    raise e
</error></testcase><system-out>&lt;![CDATA[
[ROSTEST]setup[/home/pi/catkin_ws/src/clever/clever/test/basic.test] run_id[54eacc58-eba6-11e9-ba78-0242ac110002] starting
&amp;#x001B;[1mstarted roslaunch server http://127.0.0.1:46701/&amp;#x001B;[0m

SUMMARY
========

CLEAR PARAMETERS
 * /led/led_effect/

PARAMETERS
 * /led/led_effect/notify/startup/b: 255
 * /led/led_effect/notify/startup/g: 255
 * /led/led_effect/notify/startup/r: 255
 * /mavros/conn/heartbeat_rate: 1.0
 * /mavros/conn/system_time_rate: 1.0
 * /mavros/conn/timeout: 10.0
 * /mavros/conn/timesync_rate: 10.0
 * /mavros/distance_sensor/rangefinder/field_of_view: 0.5
 * /mavros/distance_sensor/rangefinder/frame_id: rangefinder
 * /mavros/distance_sensor/rangefinder/id: 0
 * /mavros/distance_sensor/rangefinder/orientation: PITCH_270
 * /mavros/distance_sensor/rangefinder_sub/subscriber: True
 * /mavros/fake_gps/eph: 2.0
 * /mavros/fake_gps/epv: 2.0
 * /mavros/fake_gps/fix_type: 3
 * /mavros/fake_gps/geo_origin/alt: 408.0
 * /mavros/fake_gps/geo_origin/lat: 47.3667
 * /mavros/fake_gps/geo_origin/lon: 8.55
 * /mavros/fake_gps/gps_rate: 5.0
 * /mavros/fake_gps/mocap_transform: True
 * /mavros/fake_gps/satellites_visible: 5
 * /mavros/fake_gps/tf/child_frame_id: fix
 * /mavros/fake_gps/tf/frame_id: map
 * /mavros/fake_gps/tf/listen: False
 * /mavros/fake_gps/tf/rate_limit: 10.0
 * /mavros/fake_gps/tf/send: False
 * /mavros/fake_gps/use_mocap: True
 * /mavros/fake_gps/use_vision: False
 * /mavros/fcu_url: udp://@127.0.1:14557
 * /mavros/global_position/child_frame_id: base_link
 * /mavros/global_position/frame_id: map
 * /mavros/global_position/gps_uere: 1.0
 * /mavros/global_position/rot_covariance: 99999.0
 * /mavros/global_position/tf/child_frame_id: base_link
 * /mavros/global_position/tf/frame_id: map
 * /mavros/global_position/tf/global_frame_id: earth
 * /mavros/global_position/tf/send: False
 * /mavros/global_position/use_relative_alt: True
 * /mavros/imu/angular_velocity_stdev: 0.000349065850399
 * /mavros/imu/frame_id: base_link
 * /mavros/imu/linear_acceleration_stdev: 0.0003
 * /mavros/imu/magnetic_stdev: 0.0
 * /mavros/imu/orientation_stdev: 1.0
 * /mavros/local_position/frame_id: map
 * /mavros/local_position/tf/send: True
 * /mavros/local_position/tf/send_fcu: False
 * /mavros/mission/pull_after_gcs: True
 * /mavros/mocap/use_pose: True
 * /mavros/mocap/use_tf: False
 * /mavros/odometry/in/child_frame_id: base_link
 * /mavros/odometry/in/frame_id: odom
 * /mavros/odometry/in/frame_tf/body_frame_orientation: flu
 * /mavros/odometry/in/frame_tf/local_frame: local_origin_ned
 * /mavros/odometry/out/frame_tf/body_frame_orientation: frd
 * /mavros/odometry/out/frame_tf/local_frame: vision_ned
 * /mavros/px4flow/frame_id: px4flow
 * /mavros/px4flow/ranger_fov: 0.118682389136
 * /mavros/px4flow/ranger_max_range: 5.0
 * /mavros/px4flow/ranger_min_range: 0.3
 * /mavros/setpoint_attitude/reverse_thrust: False
 * /mavros/setpoint_attitude/tf/child_frame_id: target_attitude
 * /mavros/setpoint_attitude/tf/frame_id: map
 * /mavros/setpoint_attitude/tf/listen: False
 * /mavros/setpoint_attitude/tf/rate_limit: 50.0
 * /mavros/setpoint_attitude/use_quaternion: True
 * /mavros/setpoint_position/mav_frame: LOCAL_NED
 * /mavros/setpoint_position/tf/child_frame_id: target_position
 * /mavros/setpoint_position/tf/frame_id: map
 * /mavros/setpoint_position/tf/listen: False
 * /mavros/setpoint_position/tf/rate_limit: 50.0
 * /mavros/setpoint_raw/thrust_scaling: 1.0
 * /mavros/setpoint_velocity/mav_frame: LOCAL_NED
 * /mavros/startup_px4_usb_quirk: True
 * /mavros/time/time_ref_source: fcu
 * /mavros/time/timesync_avg_alpha: 0.6
 * /mavros/time/timesync_mode: MAVLINK
 * /mavros/vibration/frame_id: base_link
 * /mavros/vision_pose/tf/listen: False
 * /mavros/vision_speed/listen_twist: True
 * /mavros/vision_speed/twist_cov: True
 * /rosdistro: melodic
 * /rosversion: 1.14.3
 * /simple_offboard/reference_frames/base_link: map
 * /simple_offboard/reference_frames/body: map
 * /test_module: /home/pi/catkin_w...
 * /visualization/child_frame_id: base_link
 * /visualization/fixed_frame_id: map
 * /visualization/marker_scale: 1
 * /visualization/max_track_size: 20
 * /visualization/num_rotors: 4
 * /web_video_server/default_stream_type: ros_compressed
 * /web_video_server/publish_rate: 1.0

NODES
  /led/
    led_effect (clever/led)
  /
    map_flipped_frame (tf2_ros/static_transform_publisher)
    mavros (mavros/mavros_node)
    rc (clever/rc)
    simple_offboard (clever/simple_offboard)
    tf2_web_republisher (tf2_web_republisher/tf2_web_republisher)
    visualization (mavros_extras/visualization)
    web_video_server (web_video_server/web_video_server)

[ROSTEST]setup[/home/pi/catkin_ws/src/clever/clever/test/basic.test] run_id[54eacc58-eba6-11e9-ba78-0242ac110002] done
[ROSTEST]Running test [basic_test]
&amp;#x001B;[1mROS_MASTER_URI=http://127.0.0.1:36823/&amp;#x001B;[0m
&amp;#x001B;[1msetting /run_id to 54eacc58-eba6-11e9-ba78-0242ac110002&amp;#x001B;[0m
&amp;#x001B;[1mprocess[mavros-1]: started with pid [14907]&amp;#x001B;[0m
[visualization-2] killing on exit
[mavros-1] killing on exit
&amp;#x001B;[1mprocess[visualization-2]: started with pid [14921]&amp;#x001B;[0m
[ROSTEST]tearDown[/home/pi/catkin_ws/src/clever/clever/test/basic.test]
shutting down processing monitor...
... shutting down processing monitor complete
[ROSTEST]rostest teardown /home/pi/catkin_ws/src/clever/clever/test/basic.test complete

]]&gt;</system-out><system-err>&lt;![CDATA[
&amp;#x001B;[31m================================================================================REQUIRED process [mavros-1] has died!
process has died [pid 14907, exit code -11, cmd /opt/ros/melodic/lib/mavros/mavros_node __name:=mavros __log:=/root/.ros/log/54eacc58-eba6-11e9-ba78-0242ac110002/mavros-1.log].
log file: /root/.ros/log/54eacc58-eba6-11e9-ba78-0242ac110002/mavros-1*.log
Initiating shutdown!
================================================================================&amp;#x001B;[0m

]]&gt;</system-err></testsuite>