<?xml version="1.0" encoding="utf-8"?>
<testsuite errors="0" failures="0" name="unittest.suite.TestSuite" tests="1" time="12.773"><testcase classname="rostest.runner.RosTest" name="testtest_aruco_pose_largemap" time="12.7714" /><system-out>&lt;![CDATA[
[ROSTEST]setup[/home/pi/catkin_ws/src/clever/aruco_pose/test/largemap.test] run_id[6048b2f4-eba6-11e9-9105-0242ac110002] starting
&amp;#x001B;[1mstarted roslaunch server http://127.0.0.1:43635/&amp;#x001B;[0m

SUMMARY
========

CLEAR PARAMETERS
 * /aruco_map/

PARAMETERS
 * /aruco_map/map: /home/pi/catkin_w...
 * /aruco_map/type: map
 * /rosdistro: melodic
 * /rosversion: 1.14.3

NODES
  /
    aruco_map (nodelet/nodelet)
    nodelet_manager (nodelet/nodelet)

[ROSTEST]setup[/home/pi/catkin_ws/src/clever/aruco_pose/test/largemap.test] run_id[6048b2f4-eba6-11e9-9105-0242ac110002] done
[ROSTEST]Running test [test_aruco_pose_largemap]
&amp;#x001B;[1mROS_MASTER_URI=http://127.0.0.1:44231/&amp;#x001B;[0m
&amp;#x001B;[1msetting /run_id to 6048b2f4-eba6-11e9-9105-0242ac110002&amp;#x001B;[0m
&amp;#x001B;[1mprocess[nodelet_manager-1]: started with pid [15043]&amp;#x001B;[0m
&amp;#x001B;[1mprocess[aruco_map-2]: started with pid [15046]&amp;#x001B;[0m
[ROSTEST]running test test_aruco_pose_largemap
&amp;#x001B;[1mprocess[test_aruco_pose_largemap-3]: started with pid [15059]&amp;#x001B;[0m
[test_aruco_pose_largemap-3] killing on exit
[aruco_map-2] killing on exit
[nodelet_manager-1] killing on exit
[ROSTEST]test [test_aruco_pose_largemap] finished
[ROSTEST]test [test_aruco_pose_largemap] results are in [/home/pi/catkin_ws/build/test_results/aruco_pose/rosunit-test_aruco_pose_largemap.xml]
WARN: cannot read test result file [/home/pi/catkin_ws/build/test_results/aruco_pose/rosunit-test_aruco_pose_largemap.xml]: no element found: line 2, column 0
[ROSTEST]test [test_aruco_pose_largemap] results summary: 0 errors, 0 failures, 0 tests
[ROSTEST][ROSTEST] test [test_aruco_pose_largemap] done
[ROSTEST]tearDown[/home/pi/catkin_ws/src/clever/aruco_pose/test/largemap.test]
shutting down processing monitor...
... shutting down processing monitor complete
[ROSTEST]rostest teardown /home/pi/catkin_ws/src/clever/aruco_pose/test/largemap.test complete

]]&gt;</system-out><system-err>&lt;![CDATA[
&amp;#x001B;[31m================================================================================REQUIRED process [nodelet_manager-1] has died!
process has died [pid 15043, exit code -11, cmd /opt/ros/melodic/lib/nodelet/nodelet manager __name:=nodelet_manager __log:=/root/.ros/log/6048b2f4-eba6-11e9-9105-0242ac110002/nodelet_manager-1.log].
log file: /root/.ros/log/6048b2f4-eba6-11e9-9105-0242ac110002/nodelet_manager-1*.log
Initiating shutdown!
================================================================================&amp;#x001B;[0m

]]&gt;</system-err></testsuite>