<?xml version="1.0" encoding="utf-8"?>
<testsuite errors="0" failures="1" name="unittest.suite.TestSuite" tests="1" time="16.414"><testcase classname="rostest.runner.RosTest" name="testtest_node_pass" time="16.4135"><failure type="AssertionError">test [test_node_pass] did not generate test results
  File "/usr/lib/python2.7/unittest/case.py", line 329, in run
    testMethod()
  File "/opt/ros/melodic/lib/python2.7/dist-packages/rostest/runner.py", line 164, in fn
    self.assert_(os.path.isfile(test_file), "test [%s] did not generate test results"%test_name)
  File "/usr/lib/python2.7/unittest/case.py", line 422, in assertTrue
    raise self.failureException(msg)
</failure></testcase><system-out>&lt;![CDATA[
[ROSTEST]setup[/home/pi/catkin_ws/src/clever/aruco_pose/test/test_parser_pass.test] run_id[6e9059f2-eba6-11e9-aa90-0242ac110002] starting
&amp;#x001B;[1mstarted roslaunch server http://127.0.0.1:32867/&amp;#x001B;[0m

SUMMARY
========

CLEAR PARAMETERS
 * /aruco_map/

PARAMETERS
 * /aruco_map/map: /home/pi/catkin_w...
 * /aruco_map/type: map
 * /rosdistro: melodic
 * /rosversion: 1.14.3
 * /test_module: /home/pi/catkin_w...

NODES
  /
    aruco_map (nodelet/nodelet)
    nodelet_manager (nodelet/nodelet)

[ROSTEST]setup[/home/pi/catkin_ws/src/clever/aruco_pose/test/test_parser_pass.test] run_id[6e9059f2-eba6-11e9-aa90-0242ac110002] done
[ROSTEST]Running test [test_node_pass]
&amp;#x001B;[1mROS_MASTER_URI=http://127.0.0.1:35089/&amp;#x001B;[0m
&amp;#x001B;[1msetting /run_id to 6e9059f2-eba6-11e9-aa90-0242ac110002&amp;#x001B;[0m
&amp;#x001B;[1mprocess[nodelet_manager-1]: started with pid [15263]&amp;#x001B;[0m
&amp;#x001B;[1mprocess[aruco_map-2]: started with pid [15268]&amp;#x001B;[0m
[ROSTEST]running test test_node_pass
&amp;#x001B;[1mprocess[test_node_pass-3]: started with pid [15294]&amp;#x001B;[0m
[test_node_pass-3] killing on exit
[aruco_map-2] killing on exit
[nodelet_manager-1] killing on exit
[ROSTEST]test [test_node_pass] finished
[ROSTEST]tearDown[/home/pi/catkin_ws/src/clever/aruco_pose/test/test_parser_pass.test]
shutting down processing monitor...
... shutting down processing monitor complete
[ROSTEST]rostest teardown /home/pi/catkin_ws/src/clever/aruco_pose/test/test_parser_pass.test complete

]]&gt;</system-out><system-err>&lt;![CDATA[
&amp;#x001B;[31m================================================================================REQUIRED process [nodelet_manager-1] has died!
process has died [pid 15263, exit code -11, cmd /opt/ros/melodic/lib/nodelet/nodelet manager __name:=nodelet_manager __log:=/root/.ros/log/6e9059f2-eba6-11e9-aa90-0242ac110002/nodelet_manager-1.log].
log file: /root/.ros/log/6e9059f2-eba6-11e9-aa90-0242ac110002/nodelet_manager-1*.log
Initiating shutdown!
================================================================================&amp;#x001B;[0m

]]&gt;</system-err></testsuite>