<?xml version="1.0" encoding="utf-8"?><testsuite errors="0" failures="1" name="pytest" skips="0" tests="1" time="7.538"><testcase classname="" file="../../../src/clever/aruco_pose/test/test_parser_empty_map.py" line="10" name="test_empty_map" time="5.73751497269"><failure message="ROSException: timeout exceeded while waiting for message on topic aruco_map/visualization">node = None

    def test_empty_map(node):
&gt;       markers = rospy.wait_for_message(&apos;aruco_map/visualization&apos;, VisMarkerArray, timeout=5)

/home/pi/catkin_ws/src/clever/aruco_pose/test/test_parser_empty_map.py:12: 
_ _ _ _ _ _ _ _ _ _ _ _ _ _ _ _ _ _ _ _ _ _ _ _ _ _ _ _ _ _ _ _ _ _ _ _ _ _ _ _ 

topic = &apos;aruco_map/visualization&apos;
topic_type = &lt;class &apos;visualization_msgs.msg._MarkerArray.MarkerArray&apos;&gt;
timeout = 5

    def wait_for_message(topic, topic_type, timeout=None):
        &quot;&quot;&quot;
        Receive one message from topic.
    
        This will create a new subscription to the topic, receive one message, then unsubscribe.
    
        @param topic: name of topic
        @type  topic: str
        @param topic_type: topic type
        @type  topic_type: L{rospy.Message} class
        @param timeout: timeout time in seconds
        @type  timeout: double
        @return: Message
        @rtype: L{rospy.Message}
        @raise ROSException: if specified timeout is exceeded
        @raise ROSInterruptException: if shutdown interrupts wait
        &quot;&quot;&quot;
        wfm = _WFM()
        s = None
        try:
            s = rospy.topics.Subscriber(topic, topic_type, wfm.cb)
            if timeout is not None:
                timeout_t = time.time() + timeout
                while not rospy.core.is_shutdown() and wfm.msg is None:
                    rospy.rostime.wallsleep(0.01)
                    if time.time() &gt;= timeout_t:
&gt;                       raise rospy.exceptions.ROSException(&quot;timeout exceeded while waiting for message on topic %s&quot;%topic)
E                       ROSException: timeout exceeded while waiting for message on topic aruco_map/visualization

/opt/ros/melodic/lib/python2.7/dist-packages/rospy/client.py:417: ROSException</failure></testcase></testsuite>